<?xml version="1.0" encoding="UTF-8"?>
<!-- Generated by org.testng.reporters.JUnitXMLReporter -->
<testsuite ignored="0" hostname="DESKTOP-JSMRUSM" failures="1" tests="1" name="TC002" time="17.423" errors="0" timestamp="20 Nov 2021 11:15:49 GMT">
  <testcase classname="test.Login_TC002" name="dev_userLogIn" time="7.386">
    <failure type="java.lang.AssertionError" message="expected [https://portal.dev.onedine.com/dashboard] but found [https://portal.dev.onedine.com/login]">
      <![CDATA[java.lang.AssertionError: expected [https://portal.dev.onedine.com/dashboard] but found [https://portal.dev.onedine.com/login]
at test.Login_TC002.dev_userLogIn(Login_TC002.java:38)
... Removed 31 stack frames]]>
    </failure>
  </testcase> <!-- dev_userLogIn -->
</testsuite> <!-- TC002 -->
